# JRE version: OpenJDK Runtime Environment Temurin-21.0.10+7 (21.0.10+7) (build 21.0.10+7-LTS)
# Java VM: OpenJDK 64-Bit Server VM Temurin-21.0.10+7 (21.0.10+7-LTS, mixed mode, sharing, tiered, compressed oops, compressed class ptrs, g1 gc, windows-amd64)
GC Precious Log:
 CardTable entry size: 512
 Card Set container configuration: InlinePtr #cards 5 size 8 Array Of Cards #cards 12 size 40 Howl #buckets 4 coarsen threshold 1843 Howl Bitmap #cards 512 size 80 coarsen threshold 460 Card regions per heap region 1 cards per card region 2048
 CPUs: 4 total, 4 available
 Memory: 8191M
 Large Page Support: Disabled
 NUMA Support: Disabled
 Compressed Oops: Enabled (32-bit)
 Heap Region Size: 1M
 Heap Min Capacity: 8M
 Heap Initial Capacity: 128M
 Heap Max Capacity: 2G
 Pre-touch: Disabled
 Parallel Workers: 4
 Concurrent Workers: 1
 Concurrent Refinement Workers: 4
 Periodic GC: Disabled
Heap:
 garbage-first heap   total 160768K, used 96617K [0x0000000080000000, 0x0000000100000000)
  region size 1024K, 32 young (32768K), 9 survivors (9216K)
 Metaspace       used 56665K, committed 57536K, reserved 1114112K
  class space    used 6546K, committed 6976K, reserved 1048576K
GC Heap History (20 events):
Event: 1.270 GC heap before
{Heap before GC invocations=1 (full 0):
 garbage-first heap   total 131072K, used 24782K [0x0000000080000000, 0x0000000100000000)
  region size 1024K, 22 young (22528K), 2 survivors (2048K)
 Metaspace       used 9492K, committed 9664K, reserved 1114112K
  class space    used 1009K, committed 1088K, reserved 1048576K
}
Event: 1.278 GC heap after
{Heap after GC invocations=2 (full 0):
 garbage-first heap   total 131072K, used 7036K [0x0000000080000000, 0x0000000100000000)
  region size 1024K, 2 young (2048K), 2 survivors (2048K)
 Metaspace       used 9492K, committed 9664K, reserved 1114112K
  class space    used 1009K, committed 1088K, reserved 1048576K
}
Event: 2.850 GC heap before
{Heap before GC invocations=2 (full 0):
 garbage-first heap   total 131072K, used 91004K [0x0000000080000000, 0x0000000100000000)
  region size 1024K, 76 young (77824K), 2 survivors (2048K)
 Metaspace       used 20933K, committed 21248K, reserved 1114112K
  class space    used 2678K, committed 2816K, reserved 1048576K
}
Event: 2.891 GC heap after
{Heap after GC invocations=3 (full 0):
 garbage-first heap   total 131072K, used 24805K [0x0000000080000000, 0x0000000100000000)
  region size 1024K, 10 young (10240K), 10 survivors (10240K)
 Metaspace       used 20933K, committed 21248K, reserved 1114112K
  class space    used 2678K, committed 2816K, reserved 1048576K
}
Event: 2.958 GC heap before
{Heap before GC invocations=3 (full 0):
 garbage-first heap   total 131072K, used 38117K [0x0000000080000000, 0x0000000100000000)
  region size 1024K, 20 young (20480K), 10 survivors (10240K)
 Metaspace       used 20942K, committed 21312K, reserved 1114112K
  class space    used 2678K, committed 2816K, reserved 1048576K
}
Event: 2.986 GC heap after
{Heap after GC invocations=4 (full 0):
 garbage-first heap   total 131072K, used 31081K [0x0000000080000000, 0x0000000100000000)
  region size 1024K, 3 young (3072K), 3 survivors (3072K)
 Metaspace       used 20942K, committed 21312K, reserved 1114112K
  class space    used 2678K, committed 2816K, reserved 1048576K
}
Event: 3.131 GC heap before
{Heap before GC invocations=4 (full 0):
 garbage-first heap   total 131072K, used 35177K [0x0000000080000000, 0x0000000100000000)
  region size 1024K, 8 young (8192K), 3 survivors (3072K)
 Metaspace       used 21271K, committed 21504K, reserved 1114112K
  class space    used 2709K, committed 2816K, reserved 1048576K
}
Event: 3.137 GC heap after
{Heap after GC invocations=5 (full 0):
 garbage-first heap   total 131072K, used 27714K [0x0000000080000000, 0x0000000100000000)
  region size 1024K, 4 young (4096K), 4 survivors (4096K)
 Metaspace       used 21271K, committed 21504K, reserved 1114112K
  class space    used 2709K, committed 2816K, reserved 1048576K
}
Event: 4.609 GC heap before
{Heap before GC invocations=6 (full 0):
 garbage-first heap   total 92160K, used 89154K [0x0000000080000000, 0x0000000100000000)
  region size 1024K, 54 young (55296K), 4 survivors (4096K)
 Metaspace       used 31746K, committed 32064K, reserved 1114112K
  class space    used 3956K, committed 4096K, reserved 1048576K
}
Event: 4.630 GC heap after
{Heap after GC invocations=7 (full 0):
 garbage-first heap   total 200704K, used 44216K [0x0000000080000000, 0x0000000100000000)
  region size 1024K, 7 young (7168K), 7 survivors (7168K)
 Metaspace       used 31746K, committed 32064K, reserved 1114112K
  class space    used 3956K, committed 4096K, reserved 1048576K
}
Event: 5.781 GC heap before
{Heap before GC invocations=7 (full 0):
 garbage-first heap   total 200704K, used 68792K [0x0000000080000000, 0x0000000100000000)
  region size 1024K, 32 young (32768K), 7 survivors (7168K)
 Metaspace       used 35343K, committed 36096K, reserved 1114112K
  class space    used 4471K, committed 4864K, reserved 1048576K
}
Event: 5.796 GC heap after
{Heap after GC invocations=8 (full 0):
 garbage-first heap   total 200704K, used 45512K [0x0000000080000000, 0x0000000100000000)
  region size 1024K, 7 young (7168K), 7 survivors (7168K)
 Metaspace       used 35343K, committed 36096K, reserved 1114112K
  class space    used 4471K, committed 4864K, reserved 1048576K
}
Event: 5.885 GC heap before
{Heap before GC invocations=8 (full 0):
 garbage-first heap   total 200704K, used 46536K [0x0000000080000000, 0x0000000100000000)
  region size 1024K, 9 young (9216K), 7 survivors (7168K)
 Metaspace       used 35628K, committed 36416K, reserved 1114112K
  class space    used 4499K, committed 4928K, reserved 1048576K
}
Event: 5.895 GC heap after
{Heap after GC invocations=9 (full 0):
 garbage-first heap   total 200704K, used 46065K [0x0000000080000000, 0x0000000100000000)
  region size 1024K, 8 young (8192K), 8 survivors (8192K)
 Metaspace       used 35628K, committed 36416K, reserved 1114112K
  class space    used 4499K, committed 4928K, reserved 1048576K
}
Event: 9.772 GC heap before
{Heap before GC invocations=10 (full 0):
 garbage-first heap   total 160768K, used 135153K [0x0000000080000000, 0x0000000100000000)
  region size 1024K, 94 young (96256K), 8 survivors (8192K)
 Metaspace       used 47956K, committed 48832K, reserved 1114112K
  class space    used 5946K, committed 6336K, reserved 1048576K
}
Event: 9.792 GC heap after
{Heap after GC invocations=11 (full 0):
 garbage-first heap   total 160768K, used 52890K [0x0000000080000000, 0x0000000100000000)
  region size 1024K, 12 young (12288K), 12 survivors (12288K)
 Metaspace       used 47956K, committed 48832K, reserved 1114112K
  class space    used 5946K, committed 6336K, reserved 1048576K
}
Event: 13.796 GC heap before
{Heap before GC invocations=11 (full 0):
 garbage-first heap   total 160768K, used 125594K [0x0000000080000000, 0x0000000100000000)
  region size 1024K, 84 young (86016K), 12 survivors (12288K)
 Metaspace       used 54197K, committed 54976K, reserved 1114112K
  class space    used 6470K, committed 6848K, reserved 1048576K
}
Event: 13.839 GC heap after
{Heap after GC invocations=12 (full 0):
 garbage-first heap   total 160768K, used 65102K [0x0000000080000000, 0x0000000100000000)
  region size 1024K, 11 young (11264K), 11 survivors (11264K)
 Metaspace       used 54197K, committed 54976K, reserved 1114112K
  class space    used 6470K, committed 6848K, reserved 1048576K
}
Event: 16.711 GC heap before
{Heap before GC invocations=12 (full 0):
 garbage-first heap   total 160768K, used 131662K [0x0000000080000000, 0x0000000100000000)
  region size 1024K, 75 young (76800K), 11 survivors (11264K)
 Metaspace       used 56170K, committed 57088K, reserved 1114112K
  class space    used 6525K, committed 6976K, reserved 1048576K
}
Event: 16.744 GC heap after
{Heap after GC invocations=13 (full 0):
 garbage-first heap   total 160768K, used 74089K [0x0000000080000000, 0x0000000100000000)
  region size 1024K, 9 young (9216K), 9 survivors (9216K)
 Metaspace       used 56170K, committed 57088K, reserved 1114112K
  class space    used 6525K, committed 6976K, reserved 1048576K
}

